\BOOKMARK [1][-]{section.1}{\376\377\000I\000n\000t\000r\000o\000d\000u\000c\000t\000i\000o\000n}{}% 1
\BOOKMARK [1][-]{section.2}{\376\377\000R\000e\000l\000a\000t\000e\000d\000\040\000W\000o\000r\000k}{}% 2
\BOOKMARK [2][-]{subsection.2.1}{\376\377\000C\000y\000b\000e\000r\000-\000P\000h\000y\000s\000i\000c\000a\000l\000\040\000P\000r\000o\000d\000u\000c\000t\000i\000o\000n\000\040\000S\000y\000s\000t\000e\000m\000s}{section.2}% 3
\BOOKMARK [2][-]{subsection.2.2}{\376\377\000S\000m\000a\000r\000t\000\040\000M\000a\000n\000u\000f\000a\000c\000t\000u\000r\000i\000n\000g\000\040\000P\000l\000a\000t\000f\000o\000r\000m\000s}{section.2}% 4
\BOOKMARK [2][-]{subsection.2.3}{\376\377\000A\000I\000\040\000i\000n\000\040\000M\000a\000n\000u\000f\000a\000c\000t\000u\000r\000i\000n\000g}{section.2}% 5
\BOOKMARK [2][-]{subsection.2.4}{\376\377\000M\000u\000l\000t\000i\000-\000O\000b\000j\000e\000c\000t\000i\000v\000e\000\040\000S\000c\000h\000e\000d\000u\000l\000i\000n\000g}{section.2}% 6
\BOOKMARK [1][-]{section.3}{\376\377\000S\000y\000s\000t\000e\000m\000\040\000A\000r\000c\000h\000i\000t\000e\000c\000t\000u\000r\000e}{}% 7
\BOOKMARK [2][-]{subsection.3.1}{\376\377\000I\000S\000A\000-\0009\0005\000\040\000H\000i\000e\000r\000a\000r\000c\000h\000i\000c\000a\000l\000\040\000M\000o\000d\000e\000l}{section.3}% 8
\BOOKMARK [2][-]{subsection.3.2}{\376\377\000C\000r\000o\000s\000s\000-\000C\000u\000t\000t\000i\000n\000g\000\040\000A\000I\000\040\000L\000a\000y\000e\000r}{section.3}% 9
\BOOKMARK [2][-]{subsection.3.3}{\376\377\000E\000v\000e\000n\000t\000-\000D\000r\000i\000v\000e\000n\000\040\000A\000r\000c\000h\000i\000t\000e\000c\000t\000u\000r\000e}{section.3}% 10
\BOOKMARK [1][-]{section.4}{\376\377\000P\000h\000a\000s\000e\000s\000\040\0001\000-\0006\000:\000\040\000F\000o\000u\000n\000d\000a\000t\000i\000o\000n\000\040\000L\000a\000y\000e\000r}{}% 11
\BOOKMARK [2][-]{subsection.4.1}{\376\377\000L\000E\000G\000O\000\040\000S\000p\000e\000c\000i\000f\000i\000c\000a\000t\000i\000o\000n\000\040\000C\000o\000m\000p\000l\000i\000a\000n\000c\000e}{section.4}% 12
\BOOKMARK [2][-]{subsection.4.2}{\376\377\000D\000a\000t\000a\000b\000a\000s\000e\000\040\000A\000r\000c\000h\000i\000t\000e\000c\000t\000u\000r\000e}{section.4}% 13
\BOOKMARK [2][-]{subsection.4.3}{\376\377\000M\000E\000S\000\040\000C\000o\000r\000e\000\040\000S\000e\000r\000v\000i\000c\000e\000s}{section.4}% 14
\BOOKMARK [1][-]{section.5}{\376\377\000P\000h\000a\000s\000e\000\040\0007\000:\000\040\000E\000v\000e\000n\000t\000-\000D\000r\000i\000v\000e\000n\000\040\000A\000r\000c\000h\000i\000t\000e\000c\000t\000u\000r\000e}{}% 15
\BOOKMARK [2][-]{subsection.5.1}{\376\377\000E\000v\000e\000n\000t\000\040\000B\000u\000s\000\040\000D\000e\000s\000i\000g\000n}{section.5}% 16
\BOOKMARK [2][-]{subsection.5.2}{\376\377\000E\000v\000e\000n\000t\000\040\000C\000a\000t\000e\000g\000o\000r\000i\000e\000s}{section.5}% 17
\BOOKMARK [2][-]{subsection.5.3}{\376\377\000L\000a\000t\000e\000n\000c\000y\000\040\000P\000e\000r\000f\000o\000r\000m\000a\000n\000c\000e}{section.5}% 18
\BOOKMARK [1][-]{section.6}{\376\377\000P\000h\000a\000s\000e\000\040\0008\000:\000\040\000C\000u\000s\000t\000o\000m\000e\000r\000\040\000O\000r\000d\000e\000r\000s\000\040\000a\000n\000d\000\040\000P\000r\000o\000m\000i\000s\000e\000\040\000L\000o\000g\000i\000c}{}% 19
\BOOKMARK [2][-]{subsection.6.1}{\376\377\000O\000r\000d\000e\000r\000\040\000M\000a\000n\000a\000g\000e\000m\000e\000n\000t}{section.6}% 20
\BOOKMARK [2][-]{subsection.6.2}{\376\377\000A\000v\000a\000i\000l\000a\000b\000l\000e\000-\000t\000o\000-\000P\000r\000o\000m\000i\000s\000e\000\040\000\050\000A\000T\000P\000\051}{section.6}% 21
\BOOKMARK [2][-]{subsection.6.3}{\376\377\000C\000a\000p\000a\000b\000l\000e\000-\000t\000o\000-\000P\000r\000o\000m\000i\000s\000e\000\040\000\050\000C\000T\000P\000\051}{section.6}% 22
\BOOKMARK [1][-]{section.7}{\376\377\000P\000h\000a\000s\000e\000\040\0009\000:\000\040\000A\000l\000t\000e\000r\000n\000a\000t\000i\000v\000e\000\040\000R\000o\000u\000t\000i\000n\000g\000s\000\040\000a\000n\000d\000\040\000E\000n\000h\000a\000n\000c\000e\000d\000\040\000B\000O\000M}{}% 23
\BOOKMARK [2][-]{subsection.7.1}{\376\377\000M\000u\000l\000t\000i\000-\000R\000o\000u\000t\000i\000n\000g\000\040\000S\000e\000l\000e\000c\000t\000i\000o\000n}{section.7}% 24
\BOOKMARK [2][-]{subsection.7.2}{\376\377\000S\000e\000l\000e\000c\000t\000i\000o\000n\000\040\000S\000t\000r\000a\000t\000e\000g\000i\000e\000s}{section.7}% 25
\BOOKMARK [2][-]{subsection.7.3}{\376\377\000Q\000u\000a\000l\000i\000t\000y\000-\000A\000w\000a\000r\000e\000\040\000B\000O\000M}{section.7}% 26
\BOOKMARK [1][-]{section.8}{\376\377\000P\000h\000a\000s\000e\000\040\0001\0000\000:\000\040\000D\000y\000n\000a\000m\000i\000c\000\040\000F\000M\000E\000A\000\040\000E\000n\000g\000i\000n\000e}{}% 27
\BOOKMARK [2][-]{subsection.8.1}{\376\377\000R\000i\000s\000k\000\040\000P\000r\000i\000o\000r\000i\000t\000y\000\040\000N\000u\000m\000b\000e\000r\000\040\000C\000a\000l\000c\000u\000l\000a\000t\000i\000o\000n}{section.8}% 28
\BOOKMARK [2][-]{subsection.8.2}{\376\377\000D\000y\000n\000a\000m\000i\000c\000\040\000R\000P\000N\000\040\000E\000x\000t\000e\000n\000s\000i\000o\000n}{section.8}% 29
\BOOKMARK [2][-]{subsection.8.3}{\376\377\000A\000u\000t\000o\000m\000a\000t\000e\000d\000\040\000R\000i\000s\000k\000\040\000A\000c\000t\000i\000o\000n\000s}{section.8}% 30
\BOOKMARK [1][-]{section.9}{\376\377\000P\000h\000a\000s\000e\000\040\0001\0001\000:\000\040\000Q\000u\000a\000l\000i\000t\000y\000\040\000F\000u\000n\000c\000t\000i\000o\000n\000\040\000D\000e\000p\000l\000o\000y\000m\000e\000n\000t}{}% 31
\BOOKMARK [2][-]{subsection.9.1}{\376\377\000H\000o\000u\000s\000e\000\040\000o\000f\000\040\000Q\000u\000a\000l\000i\000t\000y}{section.9}% 32
\BOOKMARK [2][-]{subsection.9.2}{\376\377\000L\000E\000G\000O\000-\000S\000p\000e\000c\000i\000f\000i\000c\000\040\000R\000e\000q\000u\000i\000r\000e\000m\000e\000n\000t\000s}{section.9}% 33
\BOOKMARK [1][-]{section.10}{\376\377\000P\000h\000a\000s\000e\000\040\0001\0002\000:\000\040\000A\000d\000v\000a\000n\000c\000e\000d\000\040\000S\000c\000h\000e\000d\000u\000l\000i\000n\000g\000\040\000A\000l\000g\000o\000r\000i\000t\000h\000m\000s}{}% 34
\BOOKMARK [2][-]{subsection.10.1}{\376\377\000P\000r\000o\000b\000l\000e\000m\000\040\000F\000o\000r\000m\000u\000l\000a\000t\000i\000o\000n}{section.10}% 35
\BOOKMARK [2][-]{subsection.10.2}{\376\377\000C\000P\000-\000S\000A\000T\000\040\000S\000o\000l\000v\000e\000r}{section.10}% 36
\BOOKMARK [2][-]{subsection.10.3}{\376\377\000N\000S\000G\000A\000-\000I\000I\000\040\000M\000u\000l\000t\000i\000-\000O\000b\000j\000e\000c\000t\000i\000v\000e\000\040\000O\000p\000t\000i\000m\000i\000z\000a\000t\000i\000o\000n}{section.10}% 37
\BOOKMARK [2][-]{subsection.10.4}{\376\377\000R\000e\000i\000n\000f\000o\000r\000c\000e\000m\000e\000n\000t\000\040\000L\000e\000a\000r\000n\000i\000n\000g\000\040\000D\000i\000s\000p\000a\000t\000c\000h\000e\000r}{section.10}% 38
\BOOKMARK [1][-]{section.11}{\376\377\000P\000h\000a\000s\000e\000\040\0001\0003\000:\000\040\000C\000o\000m\000p\000u\000t\000e\000r\000\040\000V\000i\000s\000i\000o\000n\000\040\000Q\000u\000a\000l\000i\000t\000y\000\040\000I\000n\000s\000p\000e\000c\000t\000i\000o\000n}{}% 39
\BOOKMARK [2][-]{subsection.11.1}{\376\377\000D\000e\000f\000e\000c\000t\000\040\000D\000e\000t\000e\000c\000t\000i\000o\000n\000\040\000A\000r\000c\000h\000i\000t\000e\000c\000t\000u\000r\000e}{section.11}% 40
\BOOKMARK [2][-]{subsection.11.2}{\376\377\000D\000e\000f\000e\000c\000t\000\040\000C\000l\000a\000s\000s\000i\000f\000i\000c\000a\000t\000i\000o\000n}{section.11}% 41
\BOOKMARK [2][-]{subsection.11.3}{\376\377\000C\000V\000-\000S\000P\000C\000\040\000I\000n\000t\000e\000g\000r\000a\000t\000i\000o\000n}{section.11}% 42
\BOOKMARK [1][-]{section.12}{\376\377\000P\000h\000a\000s\000e\000\040\0001\0004\000:\000\040\000A\000d\000v\000a\000n\000c\000e\000d\000\040\000S\000t\000a\000t\000i\000s\000t\000i\000c\000a\000l\000\040\000P\000r\000o\000c\000e\000s\000s\000\040\000C\000o\000n\000t\000r\000o\000l}{}% 43
\BOOKMARK [2][-]{subsection.12.1}{\376\377\000E\000W\000M\000A\000\040\000C\000h\000a\000r\000t}{section.12}% 44
\BOOKMARK [2][-]{subsection.12.2}{\376\377\000C\000U\000S\000U\000M\000\040\000C\000h\000a\000r\000t}{section.12}% 45
\BOOKMARK [2][-]{subsection.12.3}{\376\377\000M\000u\000l\000t\000i\000v\000a\000r\000i\000a\000t\000e\000\040\000T\0002\000\040\000C\000h\000a\000r\000t}{section.12}% 46
\BOOKMARK [1][-]{section.13}{\376\377\000P\000h\000a\000s\000e\000\040\0001\0005\000:\000\040\000D\000i\000g\000i\000t\000a\000l\000\040\000T\000h\000r\000e\000a\000d\000\040\000a\000n\000d\000\040\000G\000e\000n\000e\000a\000l\000o\000g\000y}{}% 47
\BOOKMARK [2][-]{subsection.13.1}{\376\377\000P\000r\000o\000d\000u\000c\000t\000\040\000G\000e\000n\000e\000a\000l\000o\000g\000y\000\040\000M\000o\000d\000e\000l}{section.13}% 48
\BOOKMARK [2][-]{subsection.13.2}{\376\377\000R\000o\000o\000t\000\040\000C\000a\000u\000s\000e\000\040\000A\000n\000a\000l\000y\000s\000i\000s}{section.13}% 49
\BOOKMARK [2][-]{subsection.13.3}{\376\377\000R\000e\000c\000a\000l\000l\000\040\000S\000i\000m\000u\000l\000a\000t\000i\000o\000n}{section.13}% 50
\BOOKMARK [1][-]{section.14}{\376\377\000P\000h\000a\000s\000e\000\040\0001\0007\000:\000\040\000A\000I\000\040\000M\000a\000n\000u\000f\000a\000c\000t\000u\000r\000i\000n\000g\000\040\000C\000o\000p\000i\000l\000o\000t}{}% 51
\BOOKMARK [2][-]{subsection.14.1}{\376\377\000L\000L\000M\000\040\000I\000n\000t\000e\000g\000r\000a\000t\000i\000o\000n\000\040\000A\000r\000c\000h\000i\000t\000e\000c\000t\000u\000r\000e}{section.14}% 52
\BOOKMARK [2][-]{subsection.14.2}{\376\377\000C\000a\000p\000a\000b\000i\000l\000i\000t\000i\000e\000s}{section.14}% 53
\BOOKMARK [2][-]{subsection.14.3}{\376\377\000A\000u\000t\000o\000n\000o\000m\000o\000u\000s\000\040\000A\000g\000e\000n\000t\000s}{section.14}% 54
\BOOKMARK [2][-]{subsection.14.4}{\376\377\000R\000A\000G\000\040\000K\000n\000o\000w\000l\000e\000d\000g\000e\000\040\000B\000a\000s\000e}{section.14}% 55
\BOOKMARK [1][-]{section.15}{\376\377\000P\000h\000a\000s\000e\000\040\0001\0008\000:\000\040\000D\000i\000s\000c\000r\000e\000t\000e\000\040\000E\000v\000e\000n\000t\000\040\000S\000i\000m\000u\000l\000a\000t\000i\000o\000n}{}% 56
\BOOKMARK [2][-]{subsection.15.1}{\376\377\000F\000a\000c\000t\000o\000r\000y\000\040\000M\000o\000d\000e\000l}{section.15}% 57
\BOOKMARK [2][-]{subsection.15.2}{\376\377\000S\000t\000o\000c\000h\000a\000s\000t\000i\000c\000\040\000M\000o\000d\000e\000l\000i\000n\000g}{section.15}% 58
\BOOKMARK [2][-]{subsection.15.3}{\376\377\000W\000h\000a\000t\000-\000I\000f\000\040\000A\000n\000a\000l\000y\000s\000i\000s}{section.15}% 59
\BOOKMARK [1][-]{section.16}{\376\377\000P\000h\000a\000s\000e\000\040\0001\0009\000:\000\040\000S\000u\000s\000t\000a\000i\000n\000a\000b\000i\000l\000i\000t\000y\000\040\000a\000n\000d\000\040\000C\000a\000r\000b\000o\000n\000\040\000T\000r\000a\000c\000k\000i\000n\000g}{}% 60
\BOOKMARK [2][-]{subsection.16.1}{\376\377\000C\000a\000r\000b\000o\000n\000\040\000F\000o\000o\000t\000p\000r\000i\000n\000t\000\040\000M\000o\000d\000e\000l}{section.16}% 61
\BOOKMARK [2][-]{subsection.16.2}{\376\377\000P\000e\000r\000-\000U\000n\000i\000t\000\040\000C\000a\000l\000c\000u\000l\000a\000t\000i\000o\000n}{section.16}% 62
\BOOKMARK [2][-]{subsection.16.3}{\376\377\000E\000n\000e\000r\000g\000y\000-\000A\000w\000a\000r\000e\000\040\000S\000c\000h\000e\000d\000u\000l\000i\000n\000g}{section.16}% 63
\BOOKMARK [1][-]{section.17}{\376\377\000P\000h\000a\000s\000e\000\040\0002\0000\000:\000\040\000H\000u\000m\000a\000n\000-\000M\000a\000c\000h\000i\000n\000e\000\040\000I\000n\000t\000e\000r\000f\000a\000c\000e}{}% 64
\BOOKMARK [2][-]{subsection.17.1}{\376\377\000D\000i\000g\000i\000t\000a\000l\000\040\000W\000o\000r\000k\000\040\000I\000n\000s\000t\000r\000u\000c\000t\000i\000o\000n\000s}{section.17}% 65
\BOOKMARK [2][-]{subsection.17.2}{\376\377\000A\000R\000\040\000O\000v\000e\000r\000l\000a\000y\000\040\000S\000u\000p\000p\000o\000r\000t}{section.17}% 66
\BOOKMARK [2][-]{subsection.17.3}{\376\377\000V\000o\000i\000c\000e\000\040\000I\000n\000t\000e\000r\000f\000a\000c\000e}{section.17}% 67
\BOOKMARK [1][-]{section.18}{\376\377\000P\000h\000a\000s\000e\000\040\0002\0001\000:\000\040\000Z\000e\000r\000o\000-\000D\000e\000f\000e\000c\000t\000\040\000Q\000u\000a\000l\000i\000t\000y\000\040\000C\000o\000n\000t\000r\000o\000l}{}% 68
\BOOKMARK [2][-]{subsection.18.1}{\376\377\000P\000r\000e\000d\000i\000c\000t\000i\000v\000e\000\040\000Q\000u\000a\000l\000i\000t\000y\000\040\000M\000o\000d\000e\000l}{section.18}% 69
\BOOKMARK [2][-]{subsection.18.2}{\376\377\000V\000i\000r\000t\000u\000a\000l\000\040\000M\000e\000t\000r\000o\000l\000o\000g\000y}{section.18}% 70
\BOOKMARK [2][-]{subsection.18.3}{\376\377\000P\000r\000o\000c\000e\000s\000s\000\040\000F\000i\000n\000g\000e\000r\000p\000r\000i\000n\000t\000i\000n\000g}{section.18}% 71
\BOOKMARK [2][-]{subsection.18.4}{\376\377\000I\000n\000-\000P\000r\000o\000c\000e\000s\000s\000\040\000C\000o\000n\000t\000r\000o\000l}{section.18}% 72
\BOOKMARK [1][-]{section.19}{\376\377\000P\000h\000a\000s\000e\000\040\0002\0002\000:\000\040\000S\000u\000p\000p\000l\000y\000\040\000C\000h\000a\000i\000n\000\040\000I\000n\000t\000e\000g\000r\000a\000t\000i\000o\000n}{}% 73
\BOOKMARK [2][-]{subsection.19.1}{\376\377\000S\000u\000p\000p\000l\000i\000e\000r\000\040\000S\000c\000o\000r\000e\000c\000a\000r\000d}{section.19}% 74
\BOOKMARK [2][-]{subsection.19.2}{\376\377\000S\000u\000p\000p\000l\000y\000\040\000R\000i\000s\000k\000\040\000A\000s\000s\000e\000s\000s\000m\000e\000n\000t}{section.19}% 75
\BOOKMARK [1][-]{section.20}{\376\377\000P\000h\000a\000s\000e\000\040\0002\0003\000:\000\040\000R\000e\000a\000l\000-\000T\000i\000m\000e\000\040\000A\000n\000a\000l\000y\000t\000i\000c\000s}{}% 76
\BOOKMARK [2][-]{subsection.20.1}{\376\377\000K\000P\000I\000\040\000F\000r\000a\000m\000e\000w\000o\000r\000k}{section.20}% 77
\BOOKMARK [3][-]{subsubsection.20.1.1}{\376\377\000O\000E\000E\000\040\000C\000a\000l\000c\000u\000l\000a\000t\000i\000o\000n}{subsection.20.1}% 78
\BOOKMARK [3][-]{subsubsection.20.1.2}{\376\377\000Q\000u\000a\000l\000i\000t\000y\000\040\000M\000e\000t\000r\000i\000c\000s}{subsection.20.1}% 79
\BOOKMARK [2][-]{subsection.20.2}{\376\377\000W\000o\000r\000l\000d\000-\000C\000l\000a\000s\000s\000\040\000B\000e\000n\000c\000h\000m\000a\000r\000k\000s}{section.20}% 80
\BOOKMARK [1][-]{section.21}{\376\377\000P\000h\000a\000s\000e\000\040\0002\0004\000:\000\040\000C\000o\000m\000p\000l\000i\000a\000n\000c\000e\000\040\000a\000n\000d\000\040\000A\000u\000d\000i\000t\000\040\000T\000r\000a\000i\000l}{}% 81
\BOOKMARK [2][-]{subsection.21.1}{\376\377\000F\000D\000A\000\040\0002\0001\000\040\000C\000F\000R\000\040\000P\000a\000r\000t\000\040\0001\0001\000\040\000R\000e\000q\000u\000i\000r\000e\000m\000e\000n\000t\000s}{section.21}% 82
\BOOKMARK [2][-]{subsection.21.2}{\376\377\000A\000L\000C\000O\000A\000+\000\040\000P\000r\000i\000n\000c\000i\000p\000l\000e\000s}{section.21}% 83
\BOOKMARK [2][-]{subsection.21.3}{\376\377\000C\000h\000a\000i\000n\000\040\000I\000n\000t\000e\000g\000r\000i\000t\000y\000\040\000V\000e\000r\000i\000f\000i\000c\000a\000t\000i\000o\000n}{section.21}% 84
\BOOKMARK [1][-]{section.22}{\376\377\000P\000h\000a\000s\000e\000\040\0002\0005\000:\000\040\000E\000d\000g\000e\000\040\000C\000o\000m\000p\000u\000t\000i\000n\000g\000\040\000a\000n\000d\000\040\000I\000I\000o\000T\000\040\000G\000a\000t\000e\000w\000a\000y}{}% 85
\BOOKMARK [2][-]{subsection.22.1}{\376\377\000P\000r\000o\000t\000o\000c\000o\000l\000\040\000S\000u\000p\000p\000o\000r\000t}{section.22}% 86
\BOOKMARK [2][-]{subsection.22.2}{\376\377\000U\000n\000i\000f\000i\000e\000d\000\040\000D\000a\000t\000a\000\040\000M\000o\000d\000e\000l}{section.22}% 87
\BOOKMARK [2][-]{subsection.22.3}{\376\377\000O\000f\000f\000l\000i\000n\000e\000\040\000O\000p\000e\000r\000a\000t\000i\000o\000n}{section.22}% 88
\BOOKMARK [1][-]{section.23}{\376\377\000E\000x\000p\000e\000r\000i\000m\000e\000n\000t\000a\000l\000\040\000R\000e\000s\000u\000l\000t\000s}{}% 89
\BOOKMARK [2][-]{subsection.23.1}{\376\377\000E\000x\000p\000e\000r\000i\000m\000e\000n\000t\000a\000l\000\040\000S\000e\000t\000u\000p}{section.23}% 90
\BOOKMARK [2][-]{subsection.23.2}{\376\377\000S\000c\000h\000e\000d\000u\000l\000i\000n\000g\000\040\000P\000e\000r\000f\000o\000r\000m\000a\000n\000c\000e}{section.23}% 91
\BOOKMARK [2][-]{subsection.23.3}{\376\377\000Q\000u\000a\000l\000i\000t\000y\000\040\000P\000r\000e\000d\000i\000c\000t\000i\000o\000n\000\040\000A\000c\000c\000u\000r\000a\000c\000y}{section.23}% 92
\BOOKMARK [2][-]{subsection.23.4}{\376\377\000O\000E\000E\000\040\000I\000m\000p\000r\000o\000v\000e\000m\000e\000n\000t}{section.23}% 93
\BOOKMARK [2][-]{subsection.23.5}{\376\377\000C\000a\000r\000b\000o\000n\000\040\000T\000r\000a\000c\000k\000i\000n\000g\000\040\000R\000e\000s\000u\000l\000t\000s}{section.23}% 94
\BOOKMARK [1][-]{section.24}{\376\377\000D\000i\000s\000c\000u\000s\000s\000i\000o\000n}{}% 95
\BOOKMARK [2][-]{subsection.24.1}{\376\377\000K\000e\000y\000\040\000C\000o\000n\000t\000r\000i\000b\000u\000t\000i\000o\000n\000s}{section.24}% 96
\BOOKMARK [2][-]{subsection.24.2}{\376\377\000L\000i\000m\000i\000t\000a\000t\000i\000o\000n\000s}{section.24}% 97
\BOOKMARK [2][-]{subsection.24.3}{\376\377\000F\000u\000t\000u\000r\000e\000\040\000W\000o\000r\000k}{section.24}% 98
\BOOKMARK [1][-]{section.25}{\376\377\000C\000o\000n\000c\000l\000u\000s\000i\000o\000n}{}% 99
\BOOKMARK [1][-]{section*.9}{\376\377\000R\000e\000f\000e\000r\000e\000n\000c\000e\000s}{}% 100
